running CONFIG_SHELL=/bin/bash /bin/bash ./configure --no-create --no-recursion
checking llvm-config... no
checking LLVM package version... unknown
checking for clang... clang
checking whether the C compiler works... yes
checking for C compiler default output file name... a.out
checking for suffix of executables... 
checking whether we are cross compiling... no
checking for suffix of object files... o
checking whether we are using the GNU C compiler... yes
checking whether clang accepts -g... yes
checking for clang option to accept ISO C89... none needed
checking for clang++... clang++
checking whether we are using the GNU C++ compiler... yes
checking whether clang++ accepts -g... yes
checking how to run the C preprocessor... clang -E
checking build system type... i686-pc-linux-gnu
checking host system type... i686-pc-linux-gnu
checking target system type... i686-pc-linux-gnu
checking type of operating system we're going to host on... Linux
checking type of operating system we're going to target... Linux
checking target architecture... x86
checking for grep that handles long lines and -e... /bin/grep
checking for egrep... /bin/grep -E
checking for ANSI C header files... yes
checking for sys/types.h... yes
checking for sys/stat.h... yes
checking for stdlib.h... yes
checking for string.h... yes
checking for memory.h... yes
checking for strings.h... yes
checking for inttypes.h... yes
checking for stdint.h... yes
checking for unistd.h... yes
checking whether byte ordering is bigendian... no
checking optimization flags... -O3
checking for BSD-compatible nm... /usr/bin/nm -B
checking for GNU make... make
checking whether ln -s works... yes
checking for cmp... /usr/bin/cmp
checking for cp... /bin/cp
checking for date... /bin/date
checking for find... /usr/bin/find
checking for grep... (cached) /bin/grep
checking for mkdir... /bin/mkdir
checking for mv... /bin/mv
checking for ranlib... ranlib
checking for ar... ar
checking for rm... /bin/rm
checking for sed... /bin/sed
checking for tar... /bin/tar
checking for pwd... /bin/pwd
checking for Graphviz... echo Graphviz
checking for dot... /usr/bin/dot
checking for fdp... /usr/bin/fdp
checking for neato... /usr/bin/neato
checking for twopi... /usr/bin/twopi
checking for circo... /usr/bin/circo
checking for gv... no
checking for gsview32... no
checking for dotty... /usr/bin/dotty
checking for xdot.py... echo xdot.py
checking for a BSD-compatible install... /usr/bin/install -c
checking for bzip2... /bin/bzip2
checking for cat... /bin/cat
checking for doxygen... no
checking for groff... /usr/bin/groff
checking for gzip... /bin/gzip
checking for pod2html... /usr/bin/pod2html
checking for pod2man... /usr/bin/pod2man
checking for pdfroff... no
checking for runtest... no
checking for the tclsh program in tclinclude directory... none
checking for tclsh8.4... no
checking for tclsh8.4.8... no
checking for tclsh8.4.7... no
checking for tclsh8.4.6... no
checking for tclsh8.4.5... no
checking for tclsh8.4.4... no
checking for tclsh8.4.3... no
checking for tclsh8.4.2... no
checking for tclsh8.4.1... no
checking for tclsh8.4.0... no
checking for tclsh8.3... no
checking for tclsh8.3.5... no
checking for tclsh8.3.4... no
checking for tclsh8.3.3... no
checking for tclsh8.3.2... no
checking for tclsh8.3.1... no
checking for tclsh8.3.0... no
checking for tclsh... /usr/bin/tclsh
checking for zip... /usr/bin/zip
checking for ocamlc... no
checking for ocamlopt... no
checking for ocamldep... no
checking for ocamldoc... no
checking for gas... no
checking for as... /usr/bin/as
checking for linker version... 2.22
checking for compiler -Wl,-R<path> option... yes
checking for compiler -Wl,-export-dynamic option... yes
checking for compiler -Wl,--version-script option... yes
checking for an ANSI C-conforming const... yes
checking for dirent.h that defines DIR... yes
checking for library containing opendir... none required
checking dlfcn.h usability... yes
checking dlfcn.h presence... yes
checking for dlfcn.h... yes
checking dynamic linker characteristics... GNU/Linux ld.so
checking which extension is used for loadable modules... .so
checking which variable specifies run-time library path... LD_LIBRARY_PATH
checking for the default library search path... /lib /usr/lib /usr/lib/i386-linux-gnu/mesa /lib/i386-linux-gnu /usr/lib/i386-linux-gnu /lib/i686-linux-gnu /usr/lib/i686-linux-gnu /usr/local/lib /usr/lib/vmware-tools/lib32/libvmGuestLib.so /usr/lib/vmware-tools/lib64/libvmGuestLib.so /usr/lib/vmware-tools/lib32/libvmGuestLibJava.so /usr/lib/vmware-tools/lib64/libvmGuestLibJava.so /usr/lib/vmware-tools/lib32/libDeployPkg.so /usr/lib/vmware-tools/lib64/libDeployPkg.so /lib64 /usr/lib64 
checking for objdir... .libs
checking command to parse /usr/bin/nm -B output from  object... ok
checking whether libtool supports -dlopen/-dlpreopen... yes
checking for shl_load... no
checking for shl_load in -ldld... no
checking for dlopen in -ldl... yes
checking for dlerror... yes
checking for _ prefix in compiled symbols... no
checking whether deplibs are loaded by dlopen... yes
checking argz.h usability... yes
checking argz.h presence... yes
checking for argz.h... yes
checking for error_t... yes
checking for argz_append... yes
checking for argz_create_sep... yes
checking for argz_insert... yes
checking for argz_next... yes
checking for argz_stringify... yes
checking assert.h usability... yes
checking assert.h presence... yes
checking for assert.h... yes
checking ctype.h usability... yes
checking ctype.h presence... yes
checking for ctype.h... yes
checking errno.h usability... yes
checking errno.h presence... yes
checking for errno.h... yes
checking malloc.h usability... yes
checking malloc.h presence... yes
checking for malloc.h... yes
checking for memory.h... (cached) yes
checking for stdlib.h... (cached) yes
checking stdio.h usability... yes
checking stdio.h presence... yes
checking for stdio.h... yes
checking for unistd.h... (cached) yes
checking dl.h usability... no
checking dl.h presence... no
checking for dl.h... no
checking sys/dl.h usability... no
checking sys/dl.h presence... no
checking for sys/dl.h... no
checking dld.h usability... no
checking dld.h presence... no
checking for dld.h... no
checking mach-o/dyld.h usability... no
checking mach-o/dyld.h presence... no
checking for mach-o/dyld.h... no
checking for string.h... (cached) yes
checking for strchr... yes
checking for strrchr... yes
checking for memcpy... yes
checking for memmove... yes
checking for strcmp... yes
checking for closedir... yes
checking for opendir... yes
checking for readdir... yes
checking tool compatibility... ok
checking optional compiler flags... -Wno-variadic-macros -Wno-missing-field-initializers -Wcovered-switch-default
checking for sin in -lm... yes
checking for library containing dlopen... -ldl
checking for library containing mallinfo... none required
checking for pthread_mutex_init in -lpthread... yes
checking for library containing pthread_mutex_lock... none required
checking for library containing pthread_rwlock_init... none required
checking for library containing pthread_getspecific... none required
checking for dirent.h that defines DIR... (cached) yes
checking for library containing opendir... (cached) none required
checking for MAP_ANONYMOUS vs. MAP_ANON... yes
checking whether stat file-mode macros are broken... no
checking for sys/wait.h that is POSIX.1 compatible... yes
checking whether time.h and sys/time.h may both be included... yes
checking for dlfcn.h... (cached) yes
checking execinfo.h usability... yes
checking execinfo.h presence... yes
checking for execinfo.h... yes
checking fcntl.h usability... yes
checking fcntl.h presence... yes
checking for fcntl.h... yes
checking for inttypes.h... (cached) yes
checking limits.h usability... yes
checking limits.h presence... yes
checking for limits.h... yes
checking link.h usability... yes
checking link.h presence... yes
checking for link.h... yes
checking for malloc.h... (cached) yes
checking setjmp.h usability... yes
checking setjmp.h presence... yes
checking for setjmp.h... yes
checking signal.h usability... yes
checking signal.h presence... yes
checking for signal.h... yes
checking for stdint.h... (cached) yes
checking termios.h usability... yes
checking termios.h presence... yes
checking for termios.h... yes
checking for unistd.h... (cached) yes
checking utime.h usability... yes
checking utime.h presence... yes
checking for utime.h... yes
checking windows.h usability... no
checking windows.h presence... no
checking for windows.h... no
checking sys/mman.h usability... yes
checking sys/mman.h presence... yes
checking for sys/mman.h... yes
checking sys/param.h usability... yes
checking sys/param.h presence... yes
checking for sys/param.h... yes
checking sys/resource.h usability... yes
checking sys/resource.h presence... yes
checking for sys/resource.h... yes
checking sys/time.h usability... yes
checking sys/time.h presence... yes
checking for sys/time.h... yes
checking sys/uio.h usability... yes
checking sys/uio.h presence... yes
checking for sys/uio.h... yes
checking for sys/types.h... (cached) yes
checking sys/ioctl.h usability... yes
checking sys/ioctl.h presence... yes
checking for sys/ioctl.h... yes
checking malloc/malloc.h usability... no
checking malloc/malloc.h presence... no
checking for malloc/malloc.h... no
checking mach/mach.h usability... no
checking mach/mach.h presence... no
checking for mach/mach.h... no
checking valgrind/valgrind.h usability... no
checking valgrind/valgrind.h presence... no
checking for valgrind/valgrind.h... no
checking fenv.h usability... yes
checking fenv.h presence... yes
checking for fenv.h... yes
checking pthread.h usability... yes
checking pthread.h presence... yes
checking for pthread.h... yes
checking CrashReporterClient.h usability... no
checking CrashReporterClient.h presence... no
checking for CrashReporterClient.h... no
checking __crashreporter_info__... no
checking for HUGE_VAL sanity... yes
checking for pid_t... yes
checking for size_t... yes
checking whether struct tm is in sys/time.h or time.h... time.h
checking for int64_t... yes
checking for uint64_t... yes
checking for backtrace... yes
checking for ceilf... yes
checking for floorf... yes
checking for roundf... yes
checking for rintf... yes
checking for nearbyintf... yes
checking for getcwd... yes
checking for powf... yes
checking for fmodf... yes
checking for strtof... yes
checking for round... yes
checking for getpagesize... yes
checking for getrusage... yes
checking for getrlimit... yes
checking for setrlimit... yes
checking for gettimeofday... yes
checking for isatty... yes
checking for mkdtemp... yes
checking for mkstemp... yes
checking for mktemp... yes
checking for posix_spawn... yes
checking for realpath... yes
checking for sbrk... yes
checking for setrlimit... (cached) yes
checking for strdup... yes
checking for strerror... yes
checking for strerror_r... yes
checking for setenv... yes
checking for strtoll... yes
checking for strtoq... yes
checking for sysconf... yes
checking for malloc_zone_statistics... no
checking for setjmp... yes
checking for longjmp... yes
checking for sigsetjmp... no
checking for siglongjmp... yes
checking for writev... yes
checking if printf has the %a format character... yes
checking for srand48/lrand48/drand48 in <stdlib.h>... yes
checking whether strerror_s is declared... no
checking for isnan in <math.h>... yes
checking for isnan in <cmath>... no
checking for std::isnan in <cmath>... no
checking for isinf in <math.h>... yes
checking for isinf in <cmath>... no
checking for std::isinf in <cmath>... no
checking for finite in <ieeefp.h>... no
checking for stdlib.h... (cached) yes
checking for unistd.h... (cached) yes
checking for sys/param.h... (cached) yes
checking for getpagesize... (cached) yes
checking for working mmap... yes
checking for mmap of files... yes
checking if /dev/zero is needed for mmap... no
checking for GCC atomic builtins... yes
checking for __dso_handle... yes
checking for compiler -fvisibility-inlines-hidden option... yes
configure: creating ./config.status
